[debug] [2024-10-16T00:19:40.605Z] ----------------------------------------------------------------------
[debug] [2024-10-16T00:19:40.609Z] Command:       /usr/local/bin/node /usr/local/bin/firebase emulators:start --only functions
[debug] [2024-10-16T00:19:40.610Z] CLI Version:   13.15.4
[debug] [2024-10-16T00:19:40.610Z] Platform:      darwin
[debug] [2024-10-16T00:19:40.610Z] Node Version:  v20.16.0
[debug] [2024-10-16T00:19:40.610Z] Time:          Wed Oct 16 2024 09:19:40 GMT+0900 (Japan Standard Time)
[debug] [2024-10-16T00:19:40.611Z] ----------------------------------------------------------------------
[debug] 
[debug] [2024-10-16T00:19:40.700Z] > command requires scopes: ["email","openid","https://www.googleapis.com/auth/cloudplatformprojects.readonly","https://www.googleapis.com/auth/firebase","https://www.googleapis.com/auth/cloud-platform"]
[debug] [2024-10-16T00:19:40.701Z] > authorizing via signed-in user (martsyalis@gmail.com)
[info] i  emulators: Starting emulators: functions {"metadata":{"emulator":{"name":"hub"},"message":"Starting emulators: functions"}}
[debug] [2024-10-16T00:19:41.449Z] [logging] Logging Emulator only supports listening on one address (127.0.0.1). Not listening on ::1
[debug] [2024-10-16T00:19:41.450Z] assigned listening specs for emulators {"user":{"hub":[{"address":"127.0.0.1","family":"IPv4","port":4400},{"address":"::1","family":"IPv6","port":4400}],"ui":[{"address":"127.0.0.1","family":"IPv4","port":4000},{"address":"::1","family":"IPv6","port":4000}],"logging":[{"address":"127.0.0.1","family":"IPv4","port":4500}]},"metadata":{"message":"assigned listening specs for emulators"}}
[debug] [2024-10-16T00:19:41.455Z] [hub] writing locator at /var/folders/c0/z735pvlx5053ymw3d2sjpp2h0000gn/T/hub-project-y-2a061.json
[debug] [2024-10-16T00:19:41.954Z] [functions] Functions Emulator only supports listening on one address (127.0.0.1). Not listening on ::1
[debug] [2024-10-16T00:19:41.955Z] [eventarc] Eventarc Emulator only supports listening on one address (127.0.0.1). Not listening on ::1
[debug] [2024-10-16T00:19:41.955Z] late-assigned ports for functions and eventarc emulators {"user":{"hub":[{"address":"127.0.0.1","family":"IPv4","port":4400},{"address":"::1","family":"IPv6","port":4400}],"ui":[{"address":"127.0.0.1","family":"IPv4","port":4000},{"address":"::1","family":"IPv6","port":4000}],"logging":[{"address":"127.0.0.1","family":"IPv4","port":4500}],"functions":[{"address":"127.0.0.1","family":"IPv4","port":5001}],"eventarc":[{"address":"127.0.0.1","family":"IPv4","port":9299}]},"metadata":{"message":"late-assigned ports for functions and eventarc emulators"}}
[warn] ⚠  functions: The following emulators are not running, calls to these services from the Functions emulator will affect production: auth, firestore, database, hosting, pubsub, storage, dataconnect {"metadata":{"emulator":{"name":"functions"},"message":"The following emulators are not running, calls to these services from the Functions emulator will affect production: \u001b[1mauth, firestore, database, hosting, pubsub, storage, dataconnect\u001b[22m"}}
[debug] [2024-10-16T00:19:41.957Z] defaultcredentials: writing to file /Users/maryus/.config/firebase/martsyalis_gmail_com_application_default_credentials.json
[debug] [2024-10-16T00:19:41.959Z] Setting GAC to /Users/maryus/.config/firebase/martsyalis_gmail_com_application_default_credentials.json {"metadata":{"emulator":{"name":"functions"},"message":"Setting GAC to /Users/maryus/.config/firebase/martsyalis_gmail_com_application_default_credentials.json"}}
[debug] [2024-10-16T00:19:41.961Z] >>> [apiv2][query] GET https://firebase.googleapis.com/v1beta1/projects/project-y-2a061/adminSdkConfig [none]
[debug] [2024-10-16T00:19:43.114Z] <<< [apiv2][status] GET https://firebase.googleapis.com/v1beta1/projects/project-y-2a061/adminSdkConfig 200
[debug] [2024-10-16T00:19:43.115Z] <<< [apiv2][body] GET https://firebase.googleapis.com/v1beta1/projects/project-y-2a061/adminSdkConfig {"projectId":"project-y-2a061","storageBucket":"project-y-2a061.appspot.com","locationId":"us-central"}
[debug] [2024-10-16T00:19:43.145Z] Ignoring unsupported arg: auto_download {"metadata":{"emulator":{"name":"ui"},"message":"Ignoring unsupported arg: auto_download"}}
[debug] [2024-10-16T00:19:43.145Z] Ignoring unsupported arg: port {"metadata":{"emulator":{"name":"ui"},"message":"Ignoring unsupported arg: port"}}
[debug] [2024-10-16T00:19:43.146Z] Starting Emulator UI with command {"binary":"node","args":["/Users/maryus/.cache/firebase/emulators/ui-v1.13.0/server/server.mjs"],"optionalArgs":[],"joinArgs":false,"shell":false} {"metadata":{"emulator":{"name":"ui"},"message":"Starting Emulator UI with command {\"binary\":\"node\",\"args\":[\"/Users/maryus/.cache/firebase/emulators/ui-v1.13.0/server/server.mjs\"],\"optionalArgs\":[],\"joinArgs\":false,\"shell\":false}"}}
[info] i  ui: Emulator UI logging to ui-debug.log {"metadata":{"emulator":{"name":"ui"},"message":"Emulator UI logging to \u001b[1mui-debug.log\u001b[22m"}}
[debug] [2024-10-16T00:19:43.323Z] Web / API server started at 127.0.0.1:4000
 {"metadata":{"emulator":{"name":"ui"},"message":"Web / API server started at 127.0.0.1:4000\n"}}
[debug] [2024-10-16T00:19:43.324Z] Web / API server started at ::1:4000
 {"metadata":{"emulator":{"name":"ui"},"message":"Web / API server started at ::1:4000\n"}}
[info] i  functions: Watching "/Users/maryus/code_for_fun/intentions.life/functions" for Cloud Functions... {"metadata":{"emulator":{"name":"functions"},"message":"Watching \"/Users/maryus/code_for_fun/intentions.life/functions\" for Cloud Functions..."}}
[debug] [2024-10-16T00:19:43.362Z] Validating nodejs source
[debug] [2024-10-16T00:19:44.128Z] > [functions] package.json contents: {
  "name": "functions",
  "description": "Cloud Functions for Firebase",
  "scripts": {
    "lint": "eslint .",
    "serve": "firebase emulators:start --only functions",
    "shell": "firebase functions:shell",
    "start": "npm run shell",
    "deploy": "firebase deploy --only functions",
    "logs": "firebase functions:log"
  },
  "engines": {
    "node": "16"
  },
  "main": "index.js",
  "dependencies": {
    "cron-parser": "^4.9.0",
    "firebase-admin": "^12.4.0",
    "firebase-functions": "^6.0.1",
    "luxon": "^3.5.0"
  },
  "devDependencies": {
    "eslint": "^8.57.0",
    "eslint-config-google": "^0.14.0",
    "eslint-config-prettier": "^9.1.0",
    "eslint-plugin-prettier": "^5.2.1",
    "firebase-functions-test": "^0.2.0",
    "prettier": "^3.3.3"
  },
  "private": true
}
[debug] [2024-10-16T00:19:44.128Z] Building nodejs source
[debug] [2024-10-16T00:19:44.129Z] Failed to find version of module node: reached end of search path /Users/maryus/code_for_fun/intentions.life/functions/node_modules
[warn] ⚠  functions: Your requested "node" version "16" doesn't match your global version "20". Using node@20 from host. 
[debug] [2024-10-16T00:19:44.131Z] Could not find functions.yaml. Must use http discovery
[debug] [2024-10-16T00:19:44.142Z] Found firebase-functions binary at '/Users/maryus/code_for_fun/intentions.life/functions/node_modules/.bin/firebase-functions'
[info] Serving at port 8313

[debug] [2024-10-16T00:19:44.591Z] Got response from /__/functions.yaml {"endpoints":{"scheduledFunction":{"availableMemoryMb":null,"timeoutSeconds":null,"minInstances":null,"maxInstances":null,"ingressSettings":null,"concurrency":null,"serviceAccountEmail":null,"vpc":null,"platform":"gcfv2","labels":{},"httpsTrigger":{},"entryPoint":"scheduledFunction"}},"specVersion":"v1alpha1","requiredAPIs":[],"extensions":{}}
[info] ✔  functions: Loaded functions definitions from source: scheduledFunction. {"metadata":{"emulator":{"name":"functions"},"message":"Loaded functions definitions from source: scheduledFunction."}}
[info] ✔  functions[us-central1-scheduledFunction]: http function initialized (http://127.0.0.1:5001/project-y-2a061/us-central1/scheduledFunction). {"metadata":{"emulator":{"name":"functions"},"message":"\u001b[1mhttp\u001b[22m function initialized (http://127.0.0.1:5001/project-y-2a061/us-central1/scheduledFunction)."}}
[info] 
┌─────────────────────────────────────────────────────────────┐
│ ✔  All emulators ready! It is now safe to connect your app. │
│ i  View Emulator UI at http://127.0.0.1:4000/               │
└─────────────────────────────────────────────────────────────┘

┌───────────┬────────────────┬─────────────────────────────────┐
│ Emulator  │ Host:Port      │ View in Emulator UI             │
├───────────┼────────────────┼─────────────────────────────────┤
│ Functions │ 127.0.0.1:5001 │ http://127.0.0.1:4000/functions │
└───────────┴────────────────┴─────────────────────────────────┘
  Emulator Hub running at 127.0.0.1:4400
  Other reserved ports: 4500

Issues? Report them at https://github.com/firebase/firebase-tools/issues and attach the *-debug.log files.
 
[debug] [2024-10-16T00:20:03.027Z] [work-queue] {"queuedWork":["/project-y-2a061/us-central1/scheduledFunction-2024-10-16T00:20:03.027Z"],"queueLength":1,"runningWork":[],"workRunningCount":0}
[debug] [2024-10-16T00:20:03.028Z] [work-queue] {"queuedWork":[],"queueLength":0,"runningWork":["/project-y-2a061/us-central1/scheduledFunction-2024-10-16T00:20:03.027Z"],"workRunningCount":1}
[debug] [2024-10-16T00:20:03.029Z] Accepted request GET /project-y-2a061/us-central1/scheduledFunction --> us-central1-scheduledFunction
[debug] [2024-10-16T00:20:03.030Z] [functions] Runtime ready! Sending request! {"metadata":{"emulator":{"name":"functions"},"message":"[functions] Runtime ready! Sending request!"}}
[debug] [2024-10-16T00:20:03.031Z] [functions] Got req.url=/project-y-2a061/us-central1/scheduledFunction, mapping to path=/ {"metadata":{"emulator":{"name":"functions"},"message":"[functions] Got req.url=/project-y-2a061/us-central1/scheduledFunction, mapping to path=/"}}
[debug] [2024-10-16T00:20:03.038Z] [worker-pool] addWorker(us-central1-scheduledFunction) {"metadata":{"emulator":{"name":"functions"},"message":"[worker-pool] addWorker(us-central1-scheduledFunction)"}}
[debug] [2024-10-16T00:20:03.039Z] [worker-pool] Adding worker with key us-central1-scheduledFunction, total=1 {"metadata":{"emulator":{"name":"functions"},"message":"[worker-pool] Adding worker with key us-central1-scheduledFunction, total=1"}}
[debug] [2024-10-16T00:20:04.191Z] [runtime-status] [82604] Resolved module firebase-admin {"declared":true,"installed":true,"version":"12.4.0","resolution":"/Users/maryus/code_for_fun/intentions.life/functions/node_modules/firebase-admin/lib/index.js"} {"metadata":{"emulator":{"name":"functions"},"function":{"name":"us-central1-scheduledFunction"},"extension":{},"message":"[runtime-status] [82604] Resolved module firebase-admin {\"declared\":true,\"installed\":true,\"version\":\"12.4.0\",\"resolution\":\"/Users/maryus/code_for_fun/intentions.life/functions/node_modules/firebase-admin/lib/index.js\"}"}}
[debug] [2024-10-16T00:20:04.192Z] [runtime-status] [82604] Resolved module firebase-functions {"declared":true,"installed":true,"version":"6.0.1","resolution":"/Users/maryus/code_for_fun/intentions.life/functions/node_modules/firebase-functions/lib/v2/index.js"} {"metadata":{"emulator":{"name":"functions"},"function":{"name":"us-central1-scheduledFunction"},"extension":{},"message":"[runtime-status] [82604] Resolved module firebase-functions {\"declared\":true,\"installed\":true,\"version\":\"6.0.1\",\"resolution\":\"/Users/maryus/code_for_fun/intentions.life/functions/node_modules/firebase-functions/lib/v2/index.js\"}"}}
[debug] [2024-10-16T00:20:04.192Z] [runtime-status] [82604] Outgoing network have been stubbed. [{"name":"http","status":"mocked"},{"name":"http","status":"mocked"},{"name":"https","status":"mocked"},{"name":"https","status":"mocked"},{"name":"net","status":"mocked"}] {"metadata":{"emulator":{"name":"functions"},"function":{"name":"us-central1-scheduledFunction"},"extension":{},"message":"[runtime-status] [82604] Outgoing network have been stubbed. [{\"name\":\"http\",\"status\":\"mocked\"},{\"name\":\"http\",\"status\":\"mocked\"},{\"name\":\"https\",\"status\":\"mocked\"},{\"name\":\"https\",\"status\":\"mocked\"},{\"name\":\"net\",\"status\":\"mocked\"}]"}}
[debug] [2024-10-16T00:20:04.193Z] [runtime-status] [82604] Resolved module firebase-functions {"declared":true,"installed":true,"version":"6.0.1","resolution":"/Users/maryus/code_for_fun/intentions.life/functions/node_modules/firebase-functions/lib/v2/index.js"} {"metadata":{"emulator":{"name":"functions"},"function":{"name":"us-central1-scheduledFunction"},"extension":{},"message":"[runtime-status] [82604] Resolved module firebase-functions {\"declared\":true,\"installed\":true,\"version\":\"6.0.1\",\"resolution\":\"/Users/maryus/code_for_fun/intentions.life/functions/node_modules/firebase-functions/lib/v2/index.js\"}"}}
[debug] [2024-10-16T00:20:04.378Z] [runtime-status] [82604] Checked functions.config() {"config":{}} {"metadata":{"emulator":{"name":"functions"},"function":{"name":"us-central1-scheduledFunction"},"extension":{},"message":"[runtime-status] [82604] Checked functions.config() {\"config\":{}}"}}
[debug] [2024-10-16T00:20:04.378Z] [runtime-status] [82604] firebase-functions has been stubbed. {"functionsResolution":{"declared":true,"installed":true,"version":"6.0.1","resolution":"/Users/maryus/code_for_fun/intentions.life/functions/node_modules/firebase-functions/lib/v2/index.js"}} {"metadata":{"emulator":{"name":"functions"},"function":{"name":"us-central1-scheduledFunction"},"extension":{},"message":"[runtime-status] [82604] firebase-functions has been stubbed. {\"functionsResolution\":{\"declared\":true,\"installed\":true,\"version\":\"6.0.1\",\"resolution\":\"/Users/maryus/code_for_fun/intentions.life/functions/node_modules/firebase-functions/lib/v2/index.js\"}}"}}
[debug] [2024-10-16T00:20:04.378Z] [runtime-status] [82604] Resolved module firebase-functions {"declared":true,"installed":true,"version":"6.0.1","resolution":"/Users/maryus/code_for_fun/intentions.life/functions/node_modules/firebase-functions/lib/v2/index.js"} {"metadata":{"emulator":{"name":"functions"},"function":{"name":"us-central1-scheduledFunction"},"extension":{},"message":"[runtime-status] [82604] Resolved module firebase-functions {\"declared\":true,\"installed\":true,\"version\":\"6.0.1\",\"resolution\":\"/Users/maryus/code_for_fun/intentions.life/functions/node_modules/firebase-functions/lib/v2/index.js\"}"}}
[debug] [2024-10-16T00:20:04.381Z] [runtime-status] [82604] Resolved module firebase-admin {"declared":true,"installed":true,"version":"12.4.0","resolution":"/Users/maryus/code_for_fun/intentions.life/functions/node_modules/firebase-admin/lib/index.js"} {"metadata":{"emulator":{"name":"functions"},"function":{"name":"us-central1-scheduledFunction"},"extension":{},"message":"[runtime-status] [82604] Resolved module firebase-admin {\"declared\":true,\"installed\":true,\"version\":\"12.4.0\",\"resolution\":\"/Users/maryus/code_for_fun/intentions.life/functions/node_modules/firebase-admin/lib/index.js\"}"}}
[debug] [2024-10-16T00:20:04.382Z] [runtime-status] [82604] Resolved module firebase-functions {"declared":true,"installed":true,"version":"6.0.1","resolution":"/Users/maryus/code_for_fun/intentions.life/functions/node_modules/firebase-functions/lib/v2/index.js"} {"metadata":{"emulator":{"name":"functions"},"function":{"name":"us-central1-scheduledFunction"},"extension":{},"message":"[runtime-status] [82604] Resolved module firebase-functions {\"declared\":true,\"installed\":true,\"version\":\"6.0.1\",\"resolution\":\"/Users/maryus/code_for_fun/intentions.life/functions/node_modules/firebase-functions/lib/v2/index.js\"}"}}
[debug] [2024-10-16T00:20:04.383Z] [runtime-status] [82604] firebase-admin has been stubbed. {"adminResolution":{"declared":true,"installed":true,"version":"12.4.0","resolution":"/Users/maryus/code_for_fun/intentions.life/functions/node_modules/firebase-admin/lib/index.js"}} {"metadata":{"emulator":{"name":"functions"},"function":{"name":"us-central1-scheduledFunction"},"extension":{},"message":"[runtime-status] [82604] firebase-admin has been stubbed. {\"adminResolution\":{\"declared\":true,\"installed\":true,\"version\":\"12.4.0\",\"resolution\":\"/Users/maryus/code_for_fun/intentions.life/functions/node_modules/firebase-admin/lib/index.js\"}}"}}
[debug] [2024-10-16T00:20:04.416Z] [runtime-status] [82604] initializeApp(DEFAULT) {"storageBucket":"project-y-2a061.appspot.com","projectId":"project-y-2a061"} {"metadata":{"emulator":{"name":"functions"},"function":{"name":"us-central1-scheduledFunction"},"extension":{},"message":"[runtime-status] [82604] initializeApp(DEFAULT) {\"storageBucket\":\"project-y-2a061.appspot.com\",\"projectId\":\"project-y-2a061\"}"}}
[debug] [2024-10-16T00:20:04.438Z] [runtime-status] [82604] Functions runtime initialized. {"cwd":"/Users/maryus/code_for_fun/intentions.life/functions","node_version":"20.16.0"} {"metadata":{"emulator":{"name":"functions"},"function":{"name":"us-central1-scheduledFunction"},"extension":{},"message":"[runtime-status] [82604] Functions runtime initialized. {\"cwd\":\"/Users/maryus/code_for_fun/intentions.life/functions\",\"node_version\":\"20.16.0\"}"}}
[debug] [2024-10-16T00:20:04.439Z] [runtime-status] [82604] Listening to port: /var/folders/c0/z735pvlx5053ymw3d2sjpp2h0000gn/T/fire_emu_2c95e1662e448eb3.sock {"metadata":{"emulator":{"name":"functions"},"function":{"name":"us-central1-scheduledFunction"},"extension":{},"message":"[runtime-status] [82604] Listening to port: /var/folders/c0/z735pvlx5053ymw3d2sjpp2h0000gn/T/fire_emu_2c95e1662e448eb3.sock"}}
[debug] [2024-10-16T00:20:04.471Z] [worker-us-central1-scheduledFunction-d1adc466-3dbd-4202-803e-961d89489981]: IDLE {"metadata":{"emulator":{"name":"functions"},"function":{"name":"us-central1-scheduledFunction"},"extension":{},"message":"[worker-us-central1-scheduledFunction-d1adc466-3dbd-4202-803e-961d89489981]: IDLE"}}
[debug] [2024-10-16T00:20:04.472Z] [worker-pool] submitRequest(triggerId=us-central1-scheduledFunction) {"metadata":{"emulator":{"name":"functions"},"message":"[worker-pool] submitRequest(triggerId=us-central1-scheduledFunction)"}}
[info] i  functions: Beginning execution of "us-central1-scheduledFunction" {"metadata":{"emulator":{"name":"functions"},"function":{"name":"us-central1-scheduledFunction"},"extension":{},"message":"Beginning execution of \"us-central1-scheduledFunction\""}}
[debug] [2024-10-16T00:20:04.473Z] [worker-us-central1-scheduledFunction-d1adc466-3dbd-4202-803e-961d89489981]: BUSY {"metadata":{"emulator":{"name":"functions"},"function":{"name":"us-central1-scheduledFunction"},"extension":{},"message":"[worker-us-central1-scheduledFunction-d1adc466-3dbd-4202-803e-961d89489981]: BUSY"}}
[info] >  check periodic task is running {"user":"check periodic task is running","metadata":{"emulator":{"name":"functions"},"function":{"name":"us-central1-scheduledFunction"},"extension":{},"message":"\u001b[90m> \u001b[39m check periodic task is running"}}
[debug] [2024-10-16T00:20:04.514Z] Finishing up request with event=pause {"metadata":{"emulator":{"name":"functions"},"function":{"name":"us-central1-scheduledFunction"},"extension":{},"message":"Finishing up request with event=pause"}}
[info] i  functions: Finished "us-central1-scheduledFunction" in 41.099563ms {"metadata":{"emulator":{"name":"functions"},"function":{"name":"us-central1-scheduledFunction"},"extension":{},"message":"Finished \"us-central1-scheduledFunction\" in 41.099563ms"}}
[debug] [2024-10-16T00:20:04.515Z] [worker-us-central1-scheduledFunction-d1adc466-3dbd-4202-803e-961d89489981]: IDLE {"metadata":{"emulator":{"name":"functions"},"function":{"name":"us-central1-scheduledFunction"},"extension":{},"message":"[worker-us-central1-scheduledFunction-d1adc466-3dbd-4202-803e-961d89489981]: IDLE"}}
[debug] [2024-10-16T00:20:04.515Z] Finishing up request with event=finish {"metadata":{"emulator":{"name":"functions"},"function":{"name":"us-central1-scheduledFunction"},"extension":{},"message":"Finishing up request with event=finish"}}
[debug] [2024-10-16T00:20:04.515Z] Finishing up request with event=close {"metadata":{"emulator":{"name":"functions"},"function":{"name":"us-central1-scheduledFunction"},"extension":{},"message":"Finishing up request with event=close"}}
[debug] [2024-10-16T00:20:04.515Z] [work-queue] {"queuedWork":[],"queueLength":0,"runningWork":[],"workRunningCount":0}
[debug] [2024-10-16T00:20:33.806Z] File /Users/maryus/code_for_fun/intentions.life/functions/index.js changed, reloading triggers {"metadata":{"emulator":{"name":"functions"},"message":"File /Users/maryus/code_for_fun/intentions.life/functions/index.js changed, reloading triggers"}}
[debug] [2024-10-16T00:20:34.807Z] Validating nodejs source
[debug] [2024-10-16T00:20:35.728Z] > [functions] package.json contents: {
  "name": "functions",
  "description": "Cloud Functions for Firebase",
  "scripts": {
    "lint": "eslint .",
    "serve": "firebase emulators:start --only functions",
    "shell": "firebase functions:shell",
    "start": "npm run shell",
    "deploy": "firebase deploy --only functions",
    "logs": "firebase functions:log"
  },
  "engines": {
    "node": "16"
  },
  "main": "index.js",
  "dependencies": {
    "cron-parser": "^4.9.0",
    "firebase-admin": "^12.4.0",
    "firebase-functions": "^6.0.1",
    "luxon": "^3.5.0"
  },
  "devDependencies": {
    "eslint": "^8.57.0",
    "eslint-config-google": "^0.14.0",
    "eslint-config-prettier": "^9.1.0",
    "eslint-plugin-prettier": "^5.2.1",
    "firebase-functions-test": "^0.2.0",
    "prettier": "^3.3.3"
  },
  "private": true
}
[debug] [2024-10-16T00:20:35.728Z] Building nodejs source
[debug] [2024-10-16T00:20:35.729Z] Failed to find version of module node: reached end of search path /Users/maryus/code_for_fun/intentions.life/functions/node_modules
[warn] ⚠  functions: Your requested "node" version "16" doesn't match your global version "20". Using node@20 from host. 
[debug] [2024-10-16T00:20:35.730Z] Could not find functions.yaml. Must use http discovery
[debug] [2024-10-16T00:20:35.732Z] Found firebase-functions binary at '/Users/maryus/code_for_fun/intentions.life/functions/node_modules/.bin/firebase-functions'
[info] Serving at port 8619

[debug] [2024-10-16T00:20:36.248Z] Got response from /__/functions.yaml {"endpoints":{"scheduledFunction":{"availableMemoryMb":null,"timeoutSeconds":null,"minInstances":null,"maxInstances":null,"ingressSettings":null,"concurrency":null,"serviceAccountEmail":null,"vpc":null,"platform":"gcfv2","labels":{},"httpsTrigger":{},"entryPoint":"scheduledFunction"}},"specVersion":"v1alpha1","requiredAPIs":[],"extensions":{}}
[debug] [2024-10-16T00:20:40.264Z] File /Users/maryus/code_for_fun/intentions.life/functions/index.js changed, reloading triggers {"metadata":{"emulator":{"name":"functions"},"message":"File /Users/maryus/code_for_fun/intentions.life/functions/index.js changed, reloading triggers"}}
[debug] [2024-10-16T00:20:41.265Z] Validating nodejs source
[debug] [2024-10-16T00:20:42.098Z] > [functions] package.json contents: {
  "name": "functions",
  "description": "Cloud Functions for Firebase",
  "scripts": {
    "lint": "eslint .",
    "serve": "firebase emulators:start --only functions",
    "shell": "firebase functions:shell",
    "start": "npm run shell",
    "deploy": "firebase deploy --only functions",
    "logs": "firebase functions:log"
  },
  "engines": {
    "node": "16"
  },
  "main": "index.js",
  "dependencies": {
    "cron-parser": "^4.9.0",
    "firebase-admin": "^12.4.0",
    "firebase-functions": "^6.0.1",
    "luxon": "^3.5.0"
  },
  "devDependencies": {
    "eslint": "^8.57.0",
    "eslint-config-google": "^0.14.0",
    "eslint-config-prettier": "^9.1.0",
    "eslint-plugin-prettier": "^5.2.1",
    "firebase-functions-test": "^0.2.0",
    "prettier": "^3.3.3"
  },
  "private": true
}
[debug] [2024-10-16T00:20:42.098Z] Building nodejs source
[debug] [2024-10-16T00:20:42.098Z] Failed to find version of module node: reached end of search path /Users/maryus/code_for_fun/intentions.life/functions/node_modules
[warn] ⚠  functions: Your requested "node" version "16" doesn't match your global version "20". Using node@20 from host. 
[debug] [2024-10-16T00:20:42.099Z] Could not find functions.yaml. Must use http discovery
[debug] [2024-10-16T00:20:42.100Z] Found firebase-functions binary at '/Users/maryus/code_for_fun/intentions.life/functions/node_modules/.bin/firebase-functions'
[info] ✔  functions: Loaded functions definitions from source: scheduledFunction. {"metadata":{"emulator":{"name":"functions"},"message":"Loaded functions definitions from source: scheduledFunction."}}
[debug] [2024-10-16T00:20:42.102Z] [worker-pool] Shutting down IDLE worker (us-central1-scheduledFunction) {"metadata":{"emulator":{"name":"functions"},"message":"[worker-pool] Shutting down IDLE worker (us-central1-scheduledFunction)"}}
[debug] [2024-10-16T00:20:42.102Z] [worker-us-central1-scheduledFunction-d1adc466-3dbd-4202-803e-961d89489981]: FINISHING {"metadata":{"emulator":{"name":"functions"},"function":{"name":"us-central1-scheduledFunction"},"extension":{},"message":"[worker-us-central1-scheduledFunction-d1adc466-3dbd-4202-803e-961d89489981]: FINISHING"}}
[debug] [2024-10-16T00:20:42.112Z] [worker-us-central1-scheduledFunction-d1adc466-3dbd-4202-803e-961d89489981]: exited {"metadata":{"emulator":{"name":"functions"},"function":{"name":"us-central1-scheduledFunction"},"extension":{},"message":"[worker-us-central1-scheduledFunction-d1adc466-3dbd-4202-803e-961d89489981]: exited"}}
[debug] [2024-10-16T00:20:42.112Z] [worker-us-central1-scheduledFunction-d1adc466-3dbd-4202-803e-961d89489981]: FINISHED {"metadata":{"emulator":{"name":"functions"},"function":{"name":"us-central1-scheduledFunction"},"extension":{},"message":"[worker-us-central1-scheduledFunction-d1adc466-3dbd-4202-803e-961d89489981]: FINISHED"}}
[info] Serving at port 8419

[debug] [2024-10-16T00:20:42.541Z] Got response from /__/functions.yaml {"endpoints":{"scheduledFunction":{"availableMemoryMb":null,"timeoutSeconds":null,"minInstances":null,"maxInstances":null,"ingressSettings":null,"concurrency":null,"serviceAccountEmail":null,"vpc":null,"platform":"gcfv2","labels":{},"httpsTrigger":{},"entryPoint":"scheduledFunction"}},"specVersion":"v1alpha1","requiredAPIs":[],"extensions":{}}
[info] ✔  functions: Loaded functions definitions from source: scheduledFunction. {"metadata":{"emulator":{"name":"functions"},"message":"Loaded functions definitions from source: scheduledFunction."}}
[debug] [2024-10-16T00:20:54.184Z] File /Users/maryus/code_for_fun/intentions.life/functions/index.js changed, reloading triggers {"metadata":{"emulator":{"name":"functions"},"message":"File /Users/maryus/code_for_fun/intentions.life/functions/index.js changed, reloading triggers"}}
[debug] [2024-10-16T00:20:55.186Z] Validating nodejs source
[debug] [2024-10-16T00:20:56.040Z] > [functions] package.json contents: {
  "name": "functions",
  "description": "Cloud Functions for Firebase",
  "scripts": {
    "lint": "eslint .",
    "serve": "firebase emulators:start --only functions",
    "shell": "firebase functions:shell",
    "start": "npm run shell",
    "deploy": "firebase deploy --only functions",
    "logs": "firebase functions:log"
  },
  "engines": {
    "node": "16"
  },
  "main": "index.js",
  "dependencies": {
    "cron-parser": "^4.9.0",
    "firebase-admin": "^12.4.0",
    "firebase-functions": "^6.0.1",
    "luxon": "^3.5.0"
  },
  "devDependencies": {
    "eslint": "^8.57.0",
    "eslint-config-google": "^0.14.0",
    "eslint-config-prettier": "^9.1.0",
    "eslint-plugin-prettier": "^5.2.1",
    "firebase-functions-test": "^0.2.0",
    "prettier": "^3.3.3"
  },
  "private": true
}
[debug] [2024-10-16T00:20:56.040Z] Building nodejs source
[debug] [2024-10-16T00:20:56.040Z] Failed to find version of module node: reached end of search path /Users/maryus/code_for_fun/intentions.life/functions/node_modules
[warn] ⚠  functions: Your requested "node" version "16" doesn't match your global version "20". Using node@20 from host. 
[debug] [2024-10-16T00:20:56.041Z] Could not find functions.yaml. Must use http discovery
[debug] [2024-10-16T00:20:56.042Z] Found firebase-functions binary at '/Users/maryus/code_for_fun/intentions.life/functions/node_modules/.bin/firebase-functions'
[info] Serving at port 8477

[debug] [2024-10-16T00:20:56.487Z] Got response from /__/functions.yaml {"endpoints":{"scheduledFunction":{"availableMemoryMb":null,"timeoutSeconds":null,"minInstances":null,"maxInstances":null,"ingressSettings":null,"concurrency":null,"serviceAccountEmail":null,"vpc":null,"platform":"gcfv2","labels":{},"httpsTrigger":{},"entryPoint":"scheduledFunction"}},"specVersion":"v1alpha1","requiredAPIs":[],"extensions":{}}
[debug] [2024-10-16T00:20:58.053Z] File /Users/maryus/code_for_fun/intentions.life/functions/index.js changed, reloading triggers {"metadata":{"emulator":{"name":"functions"},"message":"File /Users/maryus/code_for_fun/intentions.life/functions/index.js changed, reloading triggers"}}
[debug] [2024-10-16T00:20:59.055Z] Validating nodejs source
[debug] [2024-10-16T00:20:59.857Z] > [functions] package.json contents: {
  "name": "functions",
  "description": "Cloud Functions for Firebase",
  "scripts": {
    "lint": "eslint .",
    "serve": "firebase emulators:start --only functions",
    "shell": "firebase functions:shell",
    "start": "npm run shell",
    "deploy": "firebase deploy --only functions",
    "logs": "firebase functions:log"
  },
  "engines": {
    "node": "16"
  },
  "main": "index.js",
  "dependencies": {
    "cron-parser": "^4.9.0",
    "firebase-admin": "^12.4.0",
    "firebase-functions": "^6.0.1",
    "luxon": "^3.5.0"
  },
  "devDependencies": {
    "eslint": "^8.57.0",
    "eslint-config-google": "^0.14.0",
    "eslint-config-prettier": "^9.1.0",
    "eslint-plugin-prettier": "^5.2.1",
    "firebase-functions-test": "^0.2.0",
    "prettier": "^3.3.3"
  },
  "private": true
}
[debug] [2024-10-16T00:20:59.857Z] Building nodejs source
[debug] [2024-10-16T00:20:59.857Z] Failed to find version of module node: reached end of search path /Users/maryus/code_for_fun/intentions.life/functions/node_modules
[warn] ⚠  functions: Your requested "node" version "16" doesn't match your global version "20". Using node@20 from host. 
[debug] [2024-10-16T00:20:59.858Z] Could not find functions.yaml. Must use http discovery
[debug] [2024-10-16T00:20:59.859Z] Found firebase-functions binary at '/Users/maryus/code_for_fun/intentions.life/functions/node_modules/.bin/firebase-functions'
[info] Serving at port 8754

[debug] [2024-10-16T00:21:00.301Z] Got response from /__/functions.yaml {"endpoints":{"scheduledFunction":{"availableMemoryMb":null,"timeoutSeconds":null,"minInstances":null,"maxInstances":null,"ingressSettings":null,"concurrency":null,"serviceAccountEmail":null,"vpc":null,"platform":"gcfv2","labels":{},"httpsTrigger":{},"entryPoint":"scheduledFunction"}},"specVersion":"v1alpha1","requiredAPIs":[],"extensions":{}}
[info] ✔  functions: Loaded functions definitions from source: scheduledFunction. {"metadata":{"emulator":{"name":"functions"},"message":"Loaded functions definitions from source: scheduledFunction."}}
[debug] [2024-10-16T00:21:01.869Z] File /Users/maryus/code_for_fun/intentions.life/functions/index.js changed, reloading triggers {"metadata":{"emulator":{"name":"functions"},"message":"File /Users/maryus/code_for_fun/intentions.life/functions/index.js changed, reloading triggers"}}
[debug] [2024-10-16T00:21:02.870Z] Validating nodejs source
[debug] [2024-10-16T00:21:03.694Z] > [functions] package.json contents: {
  "name": "functions",
  "description": "Cloud Functions for Firebase",
  "scripts": {
    "lint": "eslint .",
    "serve": "firebase emulators:start --only functions",
    "shell": "firebase functions:shell",
    "start": "npm run shell",
    "deploy": "firebase deploy --only functions",
    "logs": "firebase functions:log"
  },
  "engines": {
    "node": "16"
  },
  "main": "index.js",
  "dependencies": {
    "cron-parser": "^4.9.0",
    "firebase-admin": "^12.4.0",
    "firebase-functions": "^6.0.1",
    "luxon": "^3.5.0"
  },
  "devDependencies": {
    "eslint": "^8.57.0",
    "eslint-config-google": "^0.14.0",
    "eslint-config-prettier": "^9.1.0",
    "eslint-plugin-prettier": "^5.2.1",
    "firebase-functions-test": "^0.2.0",
    "prettier": "^3.3.3"
  },
  "private": true
}
[debug] [2024-10-16T00:21:03.695Z] Building nodejs source
[debug] [2024-10-16T00:21:03.695Z] Failed to find version of module node: reached end of search path /Users/maryus/code_for_fun/intentions.life/functions/node_modules
[warn] ⚠  functions: Your requested "node" version "16" doesn't match your global version "20". Using node@20 from host. 
[debug] [2024-10-16T00:21:03.696Z] Could not find functions.yaml. Must use http discovery
[debug] [2024-10-16T00:21:03.697Z] Found firebase-functions binary at '/Users/maryus/code_for_fun/intentions.life/functions/node_modules/.bin/firebase-functions'
[debug] [2024-10-16T00:21:03.698Z] File /Users/maryus/code_for_fun/intentions.life/functions/index.js changed, reloading triggers {"metadata":{"emulator":{"name":"functions"},"message":"File /Users/maryus/code_for_fun/intentions.life/functions/index.js changed, reloading triggers"}}
[info] Serving at port 8342

[debug] [2024-10-16T00:21:04.132Z] Got response from /__/functions.yaml {"endpoints":{"scheduledFunction":{"availableMemoryMb":null,"timeoutSeconds":null,"minInstances":null,"maxInstances":null,"ingressSettings":null,"concurrency":null,"serviceAccountEmail":null,"vpc":null,"platform":"gcfv2","labels":{},"httpsTrigger":{},"entryPoint":"scheduledFunction"}},"specVersion":"v1alpha1","requiredAPIs":[],"extensions":{}}
[debug] [2024-10-16T00:21:04.700Z] Validating nodejs source
[debug] [2024-10-16T00:21:05.738Z] > [functions] package.json contents: {
  "name": "functions",
  "description": "Cloud Functions for Firebase",
  "scripts": {
    "lint": "eslint .",
    "serve": "firebase emulators:start --only functions",
    "shell": "firebase functions:shell",
    "start": "npm run shell",
    "deploy": "firebase deploy --only functions",
    "logs": "firebase functions:log"
  },
  "engines": {
    "node": "16"
  },
  "main": "index.js",
  "dependencies": {
    "cron-parser": "^4.9.0",
    "firebase-admin": "^12.4.0",
    "firebase-functions": "^6.0.1",
    "luxon": "^3.5.0"
  },
  "devDependencies": {
    "eslint": "^8.57.0",
    "eslint-config-google": "^0.14.0",
    "eslint-config-prettier": "^9.1.0",
    "eslint-plugin-prettier": "^5.2.1",
    "firebase-functions-test": "^0.2.0",
    "prettier": "^3.3.3"
  },
  "private": true
}
[debug] [2024-10-16T00:21:05.738Z] Building nodejs source
[debug] [2024-10-16T00:21:05.738Z] Failed to find version of module node: reached end of search path /Users/maryus/code_for_fun/intentions.life/functions/node_modules
[warn] ⚠  functions: Your requested "node" version "16" doesn't match your global version "20". Using node@20 from host. 
[debug] [2024-10-16T00:21:05.739Z] Could not find functions.yaml. Must use http discovery
[debug] [2024-10-16T00:21:05.741Z] Found firebase-functions binary at '/Users/maryus/code_for_fun/intentions.life/functions/node_modules/.bin/firebase-functions'
[info] ✔  functions: Loaded functions definitions from source: scheduledFunction. {"metadata":{"emulator":{"name":"functions"},"message":"Loaded functions definitions from source: scheduledFunction."}}
[info] Serving at port 8489

[debug] [2024-10-16T00:21:06.252Z] Got response from /__/functions.yaml {"endpoints":{"scheduledFunction":{"availableMemoryMb":null,"timeoutSeconds":null,"minInstances":null,"maxInstances":null,"ingressSettings":null,"concurrency":null,"serviceAccountEmail":null,"vpc":null,"platform":"gcfv2","labels":{},"httpsTrigger":{},"entryPoint":"scheduledFunction"}},"specVersion":"v1alpha1","requiredAPIs":[],"extensions":{}}
[info] ✔  functions: Loaded functions definitions from source: scheduledFunction. {"metadata":{"emulator":{"name":"functions"},"message":"Loaded functions definitions from source: scheduledFunction."}}
[info] ✔  functions: Loaded functions definitions from source: scheduledFunction. {"metadata":{"emulator":{"name":"functions"},"message":"Loaded functions definitions from source: scheduledFunction."}}
[debug] [2024-10-16T00:21:14.787Z] [work-queue] {"queuedWork":["/project-y-2a061/us-central1/scheduledFunction-2024-10-16T00:21:14.787Z"],"queueLength":1,"runningWork":[],"workRunningCount":0}
[debug] [2024-10-16T00:21:14.788Z] [work-queue] {"queuedWork":[],"queueLength":0,"runningWork":["/project-y-2a061/us-central1/scheduledFunction-2024-10-16T00:21:14.787Z"],"workRunningCount":1}
[debug] [2024-10-16T00:21:14.788Z] Accepted request GET /project-y-2a061/us-central1/scheduledFunction --> us-central1-scheduledFunction
[debug] [2024-10-16T00:21:14.788Z] [functions] Runtime ready! Sending request! {"metadata":{"emulator":{"name":"functions"},"message":"[functions] Runtime ready! Sending request!"}}
[debug] [2024-10-16T00:21:14.789Z] [functions] Got req.url=/project-y-2a061/us-central1/scheduledFunction, mapping to path=/ {"metadata":{"emulator":{"name":"functions"},"message":"[functions] Got req.url=/project-y-2a061/us-central1/scheduledFunction, mapping to path=/"}}
[debug] [2024-10-16T00:21:14.789Z] [worker-pool] Cleaned up workers for us-central1-scheduledFunction: 1 --> 0 {"metadata":{"emulator":{"name":"functions"},"message":"[worker-pool] Cleaned up workers for us-central1-scheduledFunction: 1 --> 0"}}
[debug] [2024-10-16T00:21:14.791Z] [worker-pool] addWorker(us-central1-scheduledFunction) {"metadata":{"emulator":{"name":"functions"},"message":"[worker-pool] addWorker(us-central1-scheduledFunction)"}}
[debug] [2024-10-16T00:21:14.791Z] [worker-pool] Adding worker with key us-central1-scheduledFunction, total=1 {"metadata":{"emulator":{"name":"functions"},"message":"[worker-pool] Adding worker with key us-central1-scheduledFunction, total=1"}}
[debug] [2024-10-16T00:21:15.928Z] [runtime-status] [82741] Resolved module firebase-admin {"declared":true,"installed":true,"version":"12.4.0","resolution":"/Users/maryus/code_for_fun/intentions.life/functions/node_modules/firebase-admin/lib/index.js"} {"metadata":{"emulator":{"name":"functions"},"function":{"name":"us-central1-scheduledFunction"},"extension":{},"message":"[runtime-status] [82741] Resolved module firebase-admin {\"declared\":true,\"installed\":true,\"version\":\"12.4.0\",\"resolution\":\"/Users/maryus/code_for_fun/intentions.life/functions/node_modules/firebase-admin/lib/index.js\"}"}}
[debug] [2024-10-16T00:21:15.929Z] [runtime-status] [82741] Resolved module firebase-functions {"declared":true,"installed":true,"version":"6.0.1","resolution":"/Users/maryus/code_for_fun/intentions.life/functions/node_modules/firebase-functions/lib/v2/index.js"} {"metadata":{"emulator":{"name":"functions"},"function":{"name":"us-central1-scheduledFunction"},"extension":{},"message":"[runtime-status] [82741] Resolved module firebase-functions {\"declared\":true,\"installed\":true,\"version\":\"6.0.1\",\"resolution\":\"/Users/maryus/code_for_fun/intentions.life/functions/node_modules/firebase-functions/lib/v2/index.js\"}"}}
[debug] [2024-10-16T00:21:15.929Z] [runtime-status] [82741] Outgoing network have been stubbed. [{"name":"http","status":"mocked"},{"name":"http","status":"mocked"},{"name":"https","status":"mocked"},{"name":"https","status":"mocked"},{"name":"net","status":"mocked"}] {"metadata":{"emulator":{"name":"functions"},"function":{"name":"us-central1-scheduledFunction"},"extension":{},"message":"[runtime-status] [82741] Outgoing network have been stubbed. [{\"name\":\"http\",\"status\":\"mocked\"},{\"name\":\"http\",\"status\":\"mocked\"},{\"name\":\"https\",\"status\":\"mocked\"},{\"name\":\"https\",\"status\":\"mocked\"},{\"name\":\"net\",\"status\":\"mocked\"}]"}}
[debug] [2024-10-16T00:21:15.930Z] [runtime-status] [82741] Resolved module firebase-functions {"declared":true,"installed":true,"version":"6.0.1","resolution":"/Users/maryus/code_for_fun/intentions.life/functions/node_modules/firebase-functions/lib/v2/index.js"} {"metadata":{"emulator":{"name":"functions"},"function":{"name":"us-central1-scheduledFunction"},"extension":{},"message":"[runtime-status] [82741] Resolved module firebase-functions {\"declared\":true,\"installed\":true,\"version\":\"6.0.1\",\"resolution\":\"/Users/maryus/code_for_fun/intentions.life/functions/node_modules/firebase-functions/lib/v2/index.js\"}"}}
[debug] [2024-10-16T00:21:16.114Z] [runtime-status] [82741] Checked functions.config() {"config":{}} {"metadata":{"emulator":{"name":"functions"},"function":{"name":"us-central1-scheduledFunction"},"extension":{},"message":"[runtime-status] [82741] Checked functions.config() {\"config\":{}}"}}
[debug] [2024-10-16T00:21:16.114Z] [runtime-status] [82741] firebase-functions has been stubbed. {"functionsResolution":{"declared":true,"installed":true,"version":"6.0.1","resolution":"/Users/maryus/code_for_fun/intentions.life/functions/node_modules/firebase-functions/lib/v2/index.js"}} {"metadata":{"emulator":{"name":"functions"},"function":{"name":"us-central1-scheduledFunction"},"extension":{},"message":"[runtime-status] [82741] firebase-functions has been stubbed. {\"functionsResolution\":{\"declared\":true,\"installed\":true,\"version\":\"6.0.1\",\"resolution\":\"/Users/maryus/code_for_fun/intentions.life/functions/node_modules/firebase-functions/lib/v2/index.js\"}}"}}
[debug] [2024-10-16T00:21:16.114Z] [runtime-status] [82741] Resolved module firebase-functions {"declared":true,"installed":true,"version":"6.0.1","resolution":"/Users/maryus/code_for_fun/intentions.life/functions/node_modules/firebase-functions/lib/v2/index.js"} {"metadata":{"emulator":{"name":"functions"},"function":{"name":"us-central1-scheduledFunction"},"extension":{},"message":"[runtime-status] [82741] Resolved module firebase-functions {\"declared\":true,\"installed\":true,\"version\":\"6.0.1\",\"resolution\":\"/Users/maryus/code_for_fun/intentions.life/functions/node_modules/firebase-functions/lib/v2/index.js\"}"}}
[debug] [2024-10-16T00:21:16.117Z] [runtime-status] [82741] Resolved module firebase-admin {"declared":true,"installed":true,"version":"12.4.0","resolution":"/Users/maryus/code_for_fun/intentions.life/functions/node_modules/firebase-admin/lib/index.js"} {"metadata":{"emulator":{"name":"functions"},"function":{"name":"us-central1-scheduledFunction"},"extension":{},"message":"[runtime-status] [82741] Resolved module firebase-admin {\"declared\":true,\"installed\":true,\"version\":\"12.4.0\",\"resolution\":\"/Users/maryus/code_for_fun/intentions.life/functions/node_modules/firebase-admin/lib/index.js\"}"}}
[debug] [2024-10-16T00:21:16.119Z] [runtime-status] [82741] Resolved module firebase-functions {"declared":true,"installed":true,"version":"6.0.1","resolution":"/Users/maryus/code_for_fun/intentions.life/functions/node_modules/firebase-functions/lib/v2/index.js"} {"metadata":{"emulator":{"name":"functions"},"function":{"name":"us-central1-scheduledFunction"},"extension":{},"message":"[runtime-status] [82741] Resolved module firebase-functions {\"declared\":true,\"installed\":true,\"version\":\"6.0.1\",\"resolution\":\"/Users/maryus/code_for_fun/intentions.life/functions/node_modules/firebase-functions/lib/v2/index.js\"}"}}
[debug] [2024-10-16T00:21:16.119Z] [runtime-status] [82741] firebase-admin has been stubbed. {"adminResolution":{"declared":true,"installed":true,"version":"12.4.0","resolution":"/Users/maryus/code_for_fun/intentions.life/functions/node_modules/firebase-admin/lib/index.js"}} {"metadata":{"emulator":{"name":"functions"},"function":{"name":"us-central1-scheduledFunction"},"extension":{},"message":"[runtime-status] [82741] firebase-admin has been stubbed. {\"adminResolution\":{\"declared\":true,\"installed\":true,\"version\":\"12.4.0\",\"resolution\":\"/Users/maryus/code_for_fun/intentions.life/functions/node_modules/firebase-admin/lib/index.js\"}}"}}
[debug] [2024-10-16T00:21:16.153Z] [runtime-status] [82741] initializeApp(DEFAULT) {"storageBucket":"project-y-2a061.appspot.com","projectId":"project-y-2a061"} {"metadata":{"emulator":{"name":"functions"},"function":{"name":"us-central1-scheduledFunction"},"extension":{},"message":"[runtime-status] [82741] initializeApp(DEFAULT) {\"storageBucket\":\"project-y-2a061.appspot.com\",\"projectId\":\"project-y-2a061\"}"}}
[debug] [2024-10-16T00:21:16.173Z] [runtime-status] [82741] Functions runtime initialized. {"cwd":"/Users/maryus/code_for_fun/intentions.life/functions","node_version":"20.16.0"} {"metadata":{"emulator":{"name":"functions"},"function":{"name":"us-central1-scheduledFunction"},"extension":{},"message":"[runtime-status] [82741] Functions runtime initialized. {\"cwd\":\"/Users/maryus/code_for_fun/intentions.life/functions\",\"node_version\":\"20.16.0\"}"}}
[debug] [2024-10-16T00:21:16.174Z] [runtime-status] [82741] Listening to port: /var/folders/c0/z735pvlx5053ymw3d2sjpp2h0000gn/T/fire_emu_8b97fc2ec221d29a.sock {"metadata":{"emulator":{"name":"functions"},"function":{"name":"us-central1-scheduledFunction"},"extension":{},"message":"[runtime-status] [82741] Listening to port: /var/folders/c0/z735pvlx5053ymw3d2sjpp2h0000gn/T/fire_emu_8b97fc2ec221d29a.sock"}}
[debug] [2024-10-16T00:21:16.216Z] [worker-us-central1-scheduledFunction-8eef7268-cbd7-44f6-91a1-0779759de223]: IDLE {"metadata":{"emulator":{"name":"functions"},"function":{"name":"us-central1-scheduledFunction"},"extension":{},"message":"[worker-us-central1-scheduledFunction-8eef7268-cbd7-44f6-91a1-0779759de223]: IDLE"}}
[debug] [2024-10-16T00:21:16.216Z] [worker-pool] submitRequest(triggerId=us-central1-scheduledFunction) {"metadata":{"emulator":{"name":"functions"},"message":"[worker-pool] submitRequest(triggerId=us-central1-scheduledFunction)"}}
[info] i  functions: Beginning execution of "us-central1-scheduledFunction" {"metadata":{"emulator":{"name":"functions"},"function":{"name":"us-central1-scheduledFunction"},"extension":{},"message":"Beginning execution of \"us-central1-scheduledFunction\""}}
[debug] [2024-10-16T00:21:16.217Z] [worker-us-central1-scheduledFunction-8eef7268-cbd7-44f6-91a1-0779759de223]: BUSY {"metadata":{"emulator":{"name":"functions"},"function":{"name":"us-central1-scheduledFunction"},"extension":{},"message":"[worker-us-central1-scheduledFunction-8eef7268-cbd7-44f6-91a1-0779759de223]: BUSY"}}
[info] >  check periodic task is running {"user":"check periodic task is running","metadata":{"emulator":{"name":"functions"},"function":{"name":"us-central1-scheduledFunction"},"extension":{},"message":"\u001b[90m> \u001b[39m check periodic task is running"}}
[info] >  users/88888888/periodicTasks/88888888 {"user":"users/88888888/periodicTasks/88888888","metadata":{"emulator":{"name":"functions"},"function":{"name":"us-central1-scheduledFunction"},"extension":{},"message":"\u001b[90m> \u001b[39m users/88888888/periodicTasks/88888888"}}
[warn] ⚠  Google API requested!
   - URL: "https://oauth2.googleapis.com/token"
   - Be careful, this may be a production service. {"metadata":{"emulator":{"name":"functions"},"function":{"name":"us-central1-scheduledFunction"},"extension":{},"message":"Google API requested!\n   - URL: \"https://oauth2.googleapis.com/token\"\n   - Be careful, this may be a production service."}}
[info] >  {"severity":"INFO","message":"Tasks generated for periodic task: test through 2025-10-16"} {"user":{"severity":"INFO","message":"Tasks generated for periodic task: test through 2025-10-16"},"metadata":{"emulator":{"name":"functions"},"function":{"name":"us-central1-scheduledFunction"},"extension":{},"message":"\u001b[90m> \u001b[39m {\"severity\":\"INFO\",\"message\":\"Tasks generated for periodic task: test through 2025-10-16\"}"}}
[debug] [2024-10-16T00:21:18.918Z] Finishing up request with event=pause {"metadata":{"emulator":{"name":"functions"},"function":{"name":"us-central1-scheduledFunction"},"extension":{},"message":"Finishing up request with event=pause"}}
[info] i  functions: Finished "us-central1-scheduledFunction" in 2701.753457ms {"metadata":{"emulator":{"name":"functions"},"function":{"name":"us-central1-scheduledFunction"},"extension":{},"message":"Finished \"us-central1-scheduledFunction\" in 2701.753457ms"}}
[debug] [2024-10-16T00:21:18.919Z] [worker-us-central1-scheduledFunction-8eef7268-cbd7-44f6-91a1-0779759de223]: IDLE {"metadata":{"emulator":{"name":"functions"},"function":{"name":"us-central1-scheduledFunction"},"extension":{},"message":"[worker-us-central1-scheduledFunction-8eef7268-cbd7-44f6-91a1-0779759de223]: IDLE"}}
[debug] [2024-10-16T00:21:18.919Z] Finishing up request with event=finish {"metadata":{"emulator":{"name":"functions"},"function":{"name":"us-central1-scheduledFunction"},"extension":{},"message":"Finishing up request with event=finish"}}
[debug] [2024-10-16T00:21:18.920Z] Finishing up request with event=close {"metadata":{"emulator":{"name":"functions"},"function":{"name":"us-central1-scheduledFunction"},"extension":{},"message":"Finishing up request with event=close"}}
[debug] [2024-10-16T00:21:18.920Z] [work-queue] {"queuedWork":[],"queueLength":0,"runningWork":[],"workRunningCount":0}
[debug] [2024-10-16T00:22:13.005Z] File /Users/maryus/code_for_fun/intentions.life/functions/index.js changed, reloading triggers {"metadata":{"emulator":{"name":"functions"},"message":"File /Users/maryus/code_for_fun/intentions.life/functions/index.js changed, reloading triggers"}}
[debug] [2024-10-16T00:22:14.006Z] Validating nodejs source
[debug] [2024-10-16T00:22:14.759Z] > [functions] package.json contents: {
  "name": "functions",
  "description": "Cloud Functions for Firebase",
  "scripts": {
    "lint": "eslint .",
    "serve": "firebase emulators:start --only functions",
    "shell": "firebase functions:shell",
    "start": "npm run shell",
    "deploy": "firebase deploy --only functions",
    "logs": "firebase functions:log"
  },
  "engines": {
    "node": "16"
  },
  "main": "index.js",
  "dependencies": {
    "cron-parser": "^4.9.0",
    "firebase-admin": "^12.4.0",
    "firebase-functions": "^6.0.1",
    "luxon": "^3.5.0"
  },
  "devDependencies": {
    "eslint": "^8.57.0",
    "eslint-config-google": "^0.14.0",
    "eslint-config-prettier": "^9.1.0",
    "eslint-plugin-prettier": "^5.2.1",
    "firebase-functions-test": "^0.2.0",
    "prettier": "^3.3.3"
  },
  "private": true
}
[debug] [2024-10-16T00:22:14.759Z] Building nodejs source
[debug] [2024-10-16T00:22:14.759Z] Failed to find version of module node: reached end of search path /Users/maryus/code_for_fun/intentions.life/functions/node_modules
[warn] ⚠  functions: Your requested "node" version "16" doesn't match your global version "20". Using node@20 from host. 
[debug] [2024-10-16T00:22:14.760Z] Could not find functions.yaml. Must use http discovery
[debug] [2024-10-16T00:22:14.761Z] Found firebase-functions binary at '/Users/maryus/code_for_fun/intentions.life/functions/node_modules/.bin/firebase-functions'
[info] Serving at port 8726

[debug] [2024-10-16T00:22:15.214Z] Got response from /__/functions.yaml {"endpoints":{"scheduledFunction":{"availableMemoryMb":null,"timeoutSeconds":null,"minInstances":null,"maxInstances":null,"ingressSettings":null,"concurrency":null,"serviceAccountEmail":null,"vpc":null,"platform":"gcfv2","labels":{},"httpsTrigger":{},"entryPoint":"scheduledFunction"}},"specVersion":"v1alpha1","requiredAPIs":[],"extensions":{}}
[info] ✔  functions: Loaded functions definitions from source: scheduledFunction. {"metadata":{"emulator":{"name":"functions"},"message":"Loaded functions definitions from source: scheduledFunction."}}
[debug] [2024-10-16T00:22:20.230Z] [worker-pool] Shutting down IDLE worker (us-central1-scheduledFunction) {"metadata":{"emulator":{"name":"functions"},"message":"[worker-pool] Shutting down IDLE worker (us-central1-scheduledFunction)"}}
[debug] [2024-10-16T00:22:20.230Z] [worker-us-central1-scheduledFunction-8eef7268-cbd7-44f6-91a1-0779759de223]: FINISHING {"metadata":{"emulator":{"name":"functions"},"function":{"name":"us-central1-scheduledFunction"},"extension":{},"message":"[worker-us-central1-scheduledFunction-8eef7268-cbd7-44f6-91a1-0779759de223]: FINISHING"}}
[debug] [2024-10-16T00:22:20.239Z] [worker-us-central1-scheduledFunction-8eef7268-cbd7-44f6-91a1-0779759de223]: exited {"metadata":{"emulator":{"name":"functions"},"function":{"name":"us-central1-scheduledFunction"},"extension":{},"message":"[worker-us-central1-scheduledFunction-8eef7268-cbd7-44f6-91a1-0779759de223]: exited"}}
[debug] [2024-10-16T00:22:20.239Z] [worker-us-central1-scheduledFunction-8eef7268-cbd7-44f6-91a1-0779759de223]: FINISHED {"metadata":{"emulator":{"name":"functions"},"function":{"name":"us-central1-scheduledFunction"},"extension":{},"message":"[worker-us-central1-scheduledFunction-8eef7268-cbd7-44f6-91a1-0779759de223]: FINISHED"}}
[debug] [2024-10-16T00:22:31.458Z] [work-queue] {"queuedWork":["/project-y-2a061/us-central1/scheduledFunction-2024-10-16T00:22:31.458Z"],"queueLength":1,"runningWork":[],"workRunningCount":0}
[debug] [2024-10-16T00:22:31.458Z] [work-queue] {"queuedWork":[],"queueLength":0,"runningWork":["/project-y-2a061/us-central1/scheduledFunction-2024-10-16T00:22:31.458Z"],"workRunningCount":1}
[debug] [2024-10-16T00:22:31.459Z] Accepted request GET /project-y-2a061/us-central1/scheduledFunction --> us-central1-scheduledFunction
[debug] [2024-10-16T00:22:31.459Z] [functions] Runtime ready! Sending request! {"metadata":{"emulator":{"name":"functions"},"message":"[functions] Runtime ready! Sending request!"}}
[debug] [2024-10-16T00:22:31.459Z] [functions] Got req.url=/project-y-2a061/us-central1/scheduledFunction, mapping to path=/ {"metadata":{"emulator":{"name":"functions"},"message":"[functions] Got req.url=/project-y-2a061/us-central1/scheduledFunction, mapping to path=/"}}
[debug] [2024-10-16T00:22:31.459Z] [worker-pool] Cleaned up workers for us-central1-scheduledFunction: 1 --> 0 {"metadata":{"emulator":{"name":"functions"},"message":"[worker-pool] Cleaned up workers for us-central1-scheduledFunction: 1 --> 0"}}
[debug] [2024-10-16T00:22:31.461Z] [worker-pool] addWorker(us-central1-scheduledFunction) {"metadata":{"emulator":{"name":"functions"},"message":"[worker-pool] addWorker(us-central1-scheduledFunction)"}}
[debug] [2024-10-16T00:22:31.461Z] [worker-pool] Adding worker with key us-central1-scheduledFunction, total=1 {"metadata":{"emulator":{"name":"functions"},"message":"[worker-pool] Adding worker with key us-central1-scheduledFunction, total=1"}}
[debug] [2024-10-16T00:22:32.609Z] [runtime-status] [82775] Resolved module firebase-admin {"declared":true,"installed":true,"version":"12.4.0","resolution":"/Users/maryus/code_for_fun/intentions.life/functions/node_modules/firebase-admin/lib/index.js"} {"metadata":{"emulator":{"name":"functions"},"function":{"name":"us-central1-scheduledFunction"},"extension":{},"message":"[runtime-status] [82775] Resolved module firebase-admin {\"declared\":true,\"installed\":true,\"version\":\"12.4.0\",\"resolution\":\"/Users/maryus/code_for_fun/intentions.life/functions/node_modules/firebase-admin/lib/index.js\"}"}}
[debug] [2024-10-16T00:22:32.610Z] [runtime-status] [82775] Resolved module firebase-functions {"declared":true,"installed":true,"version":"6.0.1","resolution":"/Users/maryus/code_for_fun/intentions.life/functions/node_modules/firebase-functions/lib/v2/index.js"} {"metadata":{"emulator":{"name":"functions"},"function":{"name":"us-central1-scheduledFunction"},"extension":{},"message":"[runtime-status] [82775] Resolved module firebase-functions {\"declared\":true,\"installed\":true,\"version\":\"6.0.1\",\"resolution\":\"/Users/maryus/code_for_fun/intentions.life/functions/node_modules/firebase-functions/lib/v2/index.js\"}"}}
[debug] [2024-10-16T00:22:32.611Z] [runtime-status] [82775] Outgoing network have been stubbed. [{"name":"http","status":"mocked"},{"name":"http","status":"mocked"},{"name":"https","status":"mocked"},{"name":"https","status":"mocked"},{"name":"net","status":"mocked"}] {"metadata":{"emulator":{"name":"functions"},"function":{"name":"us-central1-scheduledFunction"},"extension":{},"message":"[runtime-status] [82775] Outgoing network have been stubbed. [{\"name\":\"http\",\"status\":\"mocked\"},{\"name\":\"http\",\"status\":\"mocked\"},{\"name\":\"https\",\"status\":\"mocked\"},{\"name\":\"https\",\"status\":\"mocked\"},{\"name\":\"net\",\"status\":\"mocked\"}]"}}
[debug] [2024-10-16T00:22:32.611Z] [runtime-status] [82775] Resolved module firebase-functions {"declared":true,"installed":true,"version":"6.0.1","resolution":"/Users/maryus/code_for_fun/intentions.life/functions/node_modules/firebase-functions/lib/v2/index.js"} {"metadata":{"emulator":{"name":"functions"},"function":{"name":"us-central1-scheduledFunction"},"extension":{},"message":"[runtime-status] [82775] Resolved module firebase-functions {\"declared\":true,\"installed\":true,\"version\":\"6.0.1\",\"resolution\":\"/Users/maryus/code_for_fun/intentions.life/functions/node_modules/firebase-functions/lib/v2/index.js\"}"}}
[debug] [2024-10-16T00:22:32.795Z] [runtime-status] [82775] Checked functions.config() {"config":{}} {"metadata":{"emulator":{"name":"functions"},"function":{"name":"us-central1-scheduledFunction"},"extension":{},"message":"[runtime-status] [82775] Checked functions.config() {\"config\":{}}"}}
[debug] [2024-10-16T00:22:32.796Z] [runtime-status] [82775] firebase-functions has been stubbed. {"functionsResolution":{"declared":true,"installed":true,"version":"6.0.1","resolution":"/Users/maryus/code_for_fun/intentions.life/functions/node_modules/firebase-functions/lib/v2/index.js"}} {"metadata":{"emulator":{"name":"functions"},"function":{"name":"us-central1-scheduledFunction"},"extension":{},"message":"[runtime-status] [82775] firebase-functions has been stubbed. {\"functionsResolution\":{\"declared\":true,\"installed\":true,\"version\":\"6.0.1\",\"resolution\":\"/Users/maryus/code_for_fun/intentions.life/functions/node_modules/firebase-functions/lib/v2/index.js\"}}"}}
[debug] [2024-10-16T00:22:32.796Z] [runtime-status] [82775] Resolved module firebase-functions {"declared":true,"installed":true,"version":"6.0.1","resolution":"/Users/maryus/code_for_fun/intentions.life/functions/node_modules/firebase-functions/lib/v2/index.js"} {"metadata":{"emulator":{"name":"functions"},"function":{"name":"us-central1-scheduledFunction"},"extension":{},"message":"[runtime-status] [82775] Resolved module firebase-functions {\"declared\":true,\"installed\":true,\"version\":\"6.0.1\",\"resolution\":\"/Users/maryus/code_for_fun/intentions.life/functions/node_modules/firebase-functions/lib/v2/index.js\"}"}}
[debug] [2024-10-16T00:22:32.799Z] [runtime-status] [82775] Resolved module firebase-admin {"declared":true,"installed":true,"version":"12.4.0","resolution":"/Users/maryus/code_for_fun/intentions.life/functions/node_modules/firebase-admin/lib/index.js"} {"metadata":{"emulator":{"name":"functions"},"function":{"name":"us-central1-scheduledFunction"},"extension":{},"message":"[runtime-status] [82775] Resolved module firebase-admin {\"declared\":true,\"installed\":true,\"version\":\"12.4.0\",\"resolution\":\"/Users/maryus/code_for_fun/intentions.life/functions/node_modules/firebase-admin/lib/index.js\"}"}}
[debug] [2024-10-16T00:22:32.800Z] [runtime-status] [82775] Resolved module firebase-functions {"declared":true,"installed":true,"version":"6.0.1","resolution":"/Users/maryus/code_for_fun/intentions.life/functions/node_modules/firebase-functions/lib/v2/index.js"} {"metadata":{"emulator":{"name":"functions"},"function":{"name":"us-central1-scheduledFunction"},"extension":{},"message":"[runtime-status] [82775] Resolved module firebase-functions {\"declared\":true,\"installed\":true,\"version\":\"6.0.1\",\"resolution\":\"/Users/maryus/code_for_fun/intentions.life/functions/node_modules/firebase-functions/lib/v2/index.js\"}"}}
[debug] [2024-10-16T00:22:32.800Z] [runtime-status] [82775] firebase-admin has been stubbed. {"adminResolution":{"declared":true,"installed":true,"version":"12.4.0","resolution":"/Users/maryus/code_for_fun/intentions.life/functions/node_modules/firebase-admin/lib/index.js"}} {"metadata":{"emulator":{"name":"functions"},"function":{"name":"us-central1-scheduledFunction"},"extension":{},"message":"[runtime-status] [82775] firebase-admin has been stubbed. {\"adminResolution\":{\"declared\":true,\"installed\":true,\"version\":\"12.4.0\",\"resolution\":\"/Users/maryus/code_for_fun/intentions.life/functions/node_modules/firebase-admin/lib/index.js\"}}"}}
[debug] [2024-10-16T00:22:32.838Z] [runtime-status] [82775] initializeApp(DEFAULT) {"storageBucket":"project-y-2a061.appspot.com","projectId":"project-y-2a061"} {"metadata":{"emulator":{"name":"functions"},"function":{"name":"us-central1-scheduledFunction"},"extension":{},"message":"[runtime-status] [82775] initializeApp(DEFAULT) {\"storageBucket\":\"project-y-2a061.appspot.com\",\"projectId\":\"project-y-2a061\"}"}}
[debug] [2024-10-16T00:22:32.861Z] [runtime-status] [82775] Functions runtime initialized. {"cwd":"/Users/maryus/code_for_fun/intentions.life/functions","node_version":"20.16.0"} {"metadata":{"emulator":{"name":"functions"},"function":{"name":"us-central1-scheduledFunction"},"extension":{},"message":"[runtime-status] [82775] Functions runtime initialized. {\"cwd\":\"/Users/maryus/code_for_fun/intentions.life/functions\",\"node_version\":\"20.16.0\"}"}}
[debug] [2024-10-16T00:22:32.862Z] [runtime-status] [82775] Listening to port: /var/folders/c0/z735pvlx5053ymw3d2sjpp2h0000gn/T/fire_emu_7a10fdd348ceca78.sock {"metadata":{"emulator":{"name":"functions"},"function":{"name":"us-central1-scheduledFunction"},"extension":{},"message":"[runtime-status] [82775] Listening to port: /var/folders/c0/z735pvlx5053ymw3d2sjpp2h0000gn/T/fire_emu_7a10fdd348ceca78.sock"}}
[debug] [2024-10-16T00:22:32.897Z] [worker-us-central1-scheduledFunction-71673b68-8410-400e-bbdb-6debc08314dc]: IDLE {"metadata":{"emulator":{"name":"functions"},"function":{"name":"us-central1-scheduledFunction"},"extension":{},"message":"[worker-us-central1-scheduledFunction-71673b68-8410-400e-bbdb-6debc08314dc]: IDLE"}}
[debug] [2024-10-16T00:22:32.897Z] [worker-pool] submitRequest(triggerId=us-central1-scheduledFunction) {"metadata":{"emulator":{"name":"functions"},"message":"[worker-pool] submitRequest(triggerId=us-central1-scheduledFunction)"}}
[info] i  functions: Beginning execution of "us-central1-scheduledFunction" {"metadata":{"emulator":{"name":"functions"},"function":{"name":"us-central1-scheduledFunction"},"extension":{},"message":"Beginning execution of \"us-central1-scheduledFunction\""}}
[debug] [2024-10-16T00:22:32.897Z] [worker-us-central1-scheduledFunction-71673b68-8410-400e-bbdb-6debc08314dc]: BUSY {"metadata":{"emulator":{"name":"functions"},"function":{"name":"us-central1-scheduledFunction"},"extension":{},"message":"[worker-us-central1-scheduledFunction-71673b68-8410-400e-bbdb-6debc08314dc]: BUSY"}}
[info] >  check periodic task is running {"user":"check periodic task is running","metadata":{"emulator":{"name":"functions"},"function":{"name":"us-central1-scheduledFunction"},"extension":{},"message":"\u001b[90m> \u001b[39m check periodic task is running"}}
[info] >  users/88888888/periodicTasks/88888888 {"user":"users/88888888/periodicTasks/88888888","metadata":{"emulator":{"name":"functions"},"function":{"name":"us-central1-scheduledFunction"},"extension":{},"message":"\u001b[90m> \u001b[39m users/88888888/periodicTasks/88888888"}}
[warn] ⚠  Google API requested!
   - URL: "https://oauth2.googleapis.com/token"
   - Be careful, this may be a production service. {"metadata":{"emulator":{"name":"functions"},"function":{"name":"us-central1-scheduledFunction"},"extension":{},"message":"Google API requested!\n   - URL: \"https://oauth2.googleapis.com/token\"\n   - Be careful, this may be a production service."}}
[info] >  {"severity":"INFO","message":"Tasks generated for periodic task: test through 2024-11-16"} {"user":{"severity":"INFO","message":"Tasks generated for periodic task: test through 2024-11-16"},"metadata":{"emulator":{"name":"functions"},"function":{"name":"us-central1-scheduledFunction"},"extension":{},"message":"\u001b[90m> \u001b[39m {\"severity\":\"INFO\",\"message\":\"Tasks generated for periodic task: test through 2024-11-16\"}"}}
[debug] [2024-10-16T00:22:33.798Z] Finishing up request with event=pause {"metadata":{"emulator":{"name":"functions"},"function":{"name":"us-central1-scheduledFunction"},"extension":{},"message":"Finishing up request with event=pause"}}
[info] i  functions: Finished "us-central1-scheduledFunction" in 901.185997ms {"metadata":{"emulator":{"name":"functions"},"function":{"name":"us-central1-scheduledFunction"},"extension":{},"message":"Finished \"us-central1-scheduledFunction\" in 901.185997ms"}}
[debug] [2024-10-16T00:22:33.799Z] [worker-us-central1-scheduledFunction-71673b68-8410-400e-bbdb-6debc08314dc]: IDLE {"metadata":{"emulator":{"name":"functions"},"function":{"name":"us-central1-scheduledFunction"},"extension":{},"message":"[worker-us-central1-scheduledFunction-71673b68-8410-400e-bbdb-6debc08314dc]: IDLE"}}
[debug] [2024-10-16T00:22:33.799Z] Finishing up request with event=finish {"metadata":{"emulator":{"name":"functions"},"function":{"name":"us-central1-scheduledFunction"},"extension":{},"message":"Finishing up request with event=finish"}}
[debug] [2024-10-16T00:22:33.799Z] Finishing up request with event=close {"metadata":{"emulator":{"name":"functions"},"function":{"name":"us-central1-scheduledFunction"},"extension":{},"message":"Finishing up request with event=close"}}
[debug] [2024-10-16T00:22:33.799Z] [work-queue] {"queuedWork":[],"queueLength":0,"runningWork":[],"workRunningCount":0}
